<?xml version="1.0" encoding="UTF-8"?>
<robot generator="Robot 3.2.2 (Python 3.9.2 on win32)" generated="20210225 17:32:10.832" rpa="false">
<suite id="s1" name="NSM Get device details" source="C:\Users\EHWDIAD\PycharmProjects\API_Automation\TestCases\NSM_Get_device_details.robot">
<test id="s1-t1" name="TC:Get Device Details">
<kw name="Create Session" library="RequestsLibrary">
<doc>Create Session: create a HTTP session to a server</doc>
<arguments>
<arg>mysession</arg>
<arg>${base_url}</arg>
</arguments>
<msg timestamp="20210225 17:32:11.245" level="INFO">Creating Session using : alias=mysession, url=http://10.145.14.39:32003, headers={},                     cookies={}, auth=None, timeout=None, proxies=None, verify=False,                     debug=0 </msg>
<status status="PASS" starttime="20210225 17:32:11.244" endtime="20210225 17:32:11.245"></status>
</kw>
<kw name="Create Dictionary" library="BuiltIn">
<doc>Creates and returns a dictionary based on the given ``items``.</doc>
<arguments>
<arg>serialNumber=urn:imei:767653245457535</arg>
</arguments>
<assign>
<var>${body}</var>
</assign>
<msg timestamp="20210225 17:32:11.247" level="INFO">${body} = {'serialNumber': 'urn:imei:767653245457535'}</msg>
<status status="PASS" starttime="20210225 17:32:11.246" endtime="20210225 17:32:11.247"></status>
</kw>
<kw name="Create Dictionary" library="BuiltIn">
<doc>Creates and returns a dictionary based on the given ``items``.</doc>
<arguments>
<arg>Authorization=Basic dXNlcjI6cGFzc3dvcmQy</arg>
<arg>Accept=application/json</arg>
<arg>Content-Type=application/json</arg>
</arguments>
<assign>
<var>${header}</var>
</assign>
<msg timestamp="20210225 17:32:11.248" level="INFO">${header} = {'Authorization': 'Basic dXNlcjI6cGFzc3dvcmQy', 'Accept': 'application/json', 'Content-Type': 'application/json'}</msg>
<status status="PASS" starttime="20210225 17:32:11.247" endtime="20210225 17:32:11.248"></status>
</kw>
<kw name="Post Request" library="RequestsLibrary">
<doc>*DEPRECATED* Please use `POST On Session` instead.</doc>
<arguments>
<arg>mysession</arg>
<arg>/dm/v1/device</arg>
<arg>data=${body}</arg>
<arg>headers=${header}</arg>
</arguments>
<assign>
<var>${response}</var>
</assign>
<msg timestamp="20210225 17:32:11.249" level="WARN">Keyword 'RequestsLibrary.Post Request' is deprecated. Please use `POST On Session` instead.</msg>
<msg timestamp="20210225 17:32:12.436" level="INFO">POST Request : url=http://10.145.14.39:32003/dm/v1/device 
 path_url=/dm/v1/device 
 headers={'User-Agent': 'python-requests/2.25.1', 'Accept-Encoding': 'gzip, deflate', 'Accept': 'application/json', 'Connection': 'keep-alive', 'Authorization': 'Basic dXNlcjI6cGFzc3dvcmQy', 'Content-Type': 'application/json', 'Content-Length': '44'} 
 body={"serialNumber": "urn:imei:767653245457535"} 
 </msg>
<msg timestamp="20210225 17:32:12.437" level="INFO">POST Response : url=http://10.145.14.39:32003/dm/v1/device 
 status=200, reason=OK 
 headers={'Date': 'Thu, 25 Feb 2021 12:02:11 GMT', 'X-Content-Type-Options': 'nosniff', 'X-XSS-Protection': '1; mode=block', 'Cache-Control': 'no-cache, no-store, max-age=0, must-revalidate', 'Pragma': 'no-cache', 'Expires': '0', 'X-Frame-Options': 'DENY', 'X-Application-Context': 'iotep-nsm-interface:kubernetes', 'Content-Type': 'application/json;charset=utf-8', 'Transfer-Encoding': 'chunked'} 
 body={"serialNumber":"urn:imei:767653245457535","protocol":{"endpoint":"urn:imei:767653245457535","bootstrapSecurity":{"mode":"No Security"},"registerSecurity":{"mode":"No Security"},"version":"1.0","name":"lwm2m"},"manufacturer":{"name":"OUI_106","oui":"OUI_106"},"modelDetail":{"modelName":"Lwm2m_NIDD100221","id":"8a7486b17786de1b01778ab527b60345","identifier":"dgs1839ea6c07e6c3u7rtrnvtgpya","notes":"Default notes","serialNumberPrefixes":[]},"applicableSoftware":[{"id":"8a7486b17786de1b01778ab5265c02b7","name":"dgs1839ea6c07e6c3u7rtrnvtgpya","protocol":"lwm2m","protocolVersion":"1.0","versions":[{"softwareVersionId":"8a7486b17786de1b01778ab5273b02ba","versionName":"1.0.0","notes":"This is a default version to set parameters.","url":"/api/v2/softwares/versions/8a7486b17786de1b01778ab5273b02ba"}]}],"installedSoftware":[{"id":"8a7486b17786de1b01778ab5265c02b7","name":"dgs1839ea6c07e6c3u7rtrnvtgpya","softwareVersionId":"8a7486b17786de1b01778ab5273b02ba","versionName":"1.0.0"}]} 
 </msg>
<msg timestamp="20210225 17:32:12.437" level="INFO">${response} = &lt;Response [200]&gt;</msg>
<status status="PASS" starttime="20210225 17:32:11.249" endtime="20210225 17:32:12.437"></status>
</kw>
<kw name="Log To Console" library="BuiltIn">
<doc>Logs the given message to the console.</doc>
<arguments>
<arg>${response.status_code}</arg>
</arguments>
<status status="PASS" starttime="20210225 17:32:12.439" endtime="20210225 17:32:12.440"></status>
</kw>
<kw name="Log To Console" library="BuiltIn">
<doc>Logs the given message to the console.</doc>
<arguments>
<arg>${response.content}</arg>
</arguments>
<status status="PASS" starttime="20210225 17:32:12.442" endtime="20210225 17:32:12.444"></status>
</kw>
<kw name="Log To Console" library="BuiltIn">
<doc>Logs the given message to the console.</doc>
<arguments>
<arg>${response.headers}</arg>
</arguments>
<status status="PASS" starttime="20210225 17:32:12.445" endtime="20210225 17:32:12.447"></status>
</kw>
<kw name="Convert To String" library="BuiltIn">
<doc>Converts the given item to a Unicode string.</doc>
<arguments>
<arg>${response.status_code}</arg>
</arguments>
<assign>
<var>${status}</var>
</assign>
<msg timestamp="20210225 17:32:12.450" level="INFO">${status} = 200</msg>
<status status="PASS" starttime="20210225 17:32:12.449" endtime="20210225 17:32:12.450"></status>
</kw>
<kw name="Should Be Equal" library="BuiltIn">
<doc>Fails if the given objects are unequal.</doc>
<arguments>
<arg>${status}</arg>
<arg>200</arg>
</arguments>
<status status="PASS" starttime="20210225 17:32:12.451" endtime="20210225 17:32:12.452"></status>
</kw>
<kw name="Get From Dictionary" library="Collections">
<doc>Returns a value from the given ``dictionary`` based on the given ``key``.</doc>
<arguments>
<arg>${response.headers}</arg>
<arg>Content-Type</arg>
</arguments>
<assign>
<var>${contentType}</var>
</assign>
<msg timestamp="20210225 17:32:12.454" level="INFO">${contentType} = application/json;charset=utf-8</msg>
<status status="PASS" starttime="20210225 17:32:12.453" endtime="20210225 17:32:12.455"></status>
</kw>
<kw name="Should Contain" library="BuiltIn">
<doc>Fails if ``container`` does not contain ``item`` one or more times.</doc>
<arguments>
<arg>${contentType}</arg>
<arg>application/json;charset=utf-8</arg>
</arguments>
<status status="PASS" starttime="20210225 17:32:12.456" endtime="20210225 17:32:12.457"></status>
</kw>
<status status="PASS" starttime="20210225 17:32:11.243" endtime="20210225 17:32:12.458" critical="yes"></status>
</test>
<doc>Suite description</doc>
<status status="PASS" starttime="20210225 17:32:10.839" endtime="20210225 17:32:12.466"></status>
</suite>
<statistics>
<total>
<stat pass="1" fail="0">Critical Tests</stat>
<stat pass="1" fail="0">All Tests</stat>
</total>
<tag>
</tag>
<suite>
<stat pass="1" fail="0" id="s1" name="NSM Get device details">NSM Get device details</stat>
</suite>
</statistics>
<errors>
<msg timestamp="20210225 17:32:11.249" level="WARN">Keyword 'RequestsLibrary.Post Request' is deprecated. Please use `POST On Session` instead.</msg>
</errors>
</robot>
